
******************************************************************************
This program contains Ipopt, a library for large-scale nonlinear optimization.
 Ipopt is released as open source code under the Eclipse Public License (EPL).
         For more information visit http://projects.coin-or.org/Ipopt
******************************************************************************

This is Ipopt version 3.12, running with linear solver ma57.

Number of nonzeros in equality constraint Jacobian...:        0
Number of nonzeros in inequality constraint Jacobian.:        0
Number of nonzeros in Lagrangian Hessian.............:        3

Total number of variables............................:        2
                     variables with only lower bounds:        0
                variables with lower and upper bounds:        0
                     variables with only upper bounds:        0
Total number of equality constraints.................:        0
Total number of inequality constraints...............:        0
        inequality constraints with only lower bounds:        0
   inequality constraints with lower and upper bounds:        0
        inequality constraints with only upper bounds:        0

iter    objective    inf_pr   inf_du lg(mu)  ||d||  lg(rg) alpha_du alpha_pr  ls
   0 2.4200000e+001 0.00e+000 1.00e+002  -1.0 0.00e+000    -  0.00e+000 0.00e+000   0
   1 4.7318843e+000 0.00e+000 2.15e+000  -1.0 3.81e-001    -  1.00e+000 1.00e+000f  1
   2 4.0873987e+000 0.00e+000 1.20e+001  -1.0 4.56e+000    -  1.00e+000 1.25e-001f  4
   3 3.2286726e+000 0.00e+000 4.94e+000  -1.0 2.21e-001    -  1.00e+000 1.00e+000f  1
   4 3.2138981e+000 0.00e+000 1.02e+001  -1.0 4.82e-001    -  1.00e+000 1.00e+000f  1
   5 1.9425854e+000 0.00e+000 1.62e+000  -1.0 6.70e-002    -  1.00e+000 1.00e+000f  1
   6 1.6001937e+000 0.00e+000 3.44e+000  -1.0 7.35e-001    -  1.00e+000 2.50e-001f  3
   7 1.1783896e+000 0.00e+000 1.92e+000  -1.0 1.44e-001    -  1.00e+000 1.00e+000f  1
   8 9.2241158e-001 0.00e+000 4.00e+000  -1.0 2.08e-001    -  1.00e+000 1.00e+000f  1
   9 5.9748862e-001 0.00e+000 7.36e-001  -1.0 8.91e-002    -  1.00e+000 1.00e+000f  1
iter    objective    inf_pr   inf_du lg(mu)  ||d||  lg(rg) alpha_du alpha_pr  ls
  10 4.5262510e-001 0.00e+000 2.42e+000  -1.7 2.97e-001    -  1.00e+000 5.00e-001f  2
  11 2.8076244e-001 0.00e+000 9.25e-001  -1.7 1.02e-001    -  1.00e+000 1.00e+000f  1
  12 2.1139340e-001 0.00e+000 3.34e+000  -1.7 1.77e-001    -  1.00e+000 1.00e+000f  1
  13 8.9019501e-002 0.00e+000 2.25e-001  -1.7 9.45e-002    -  1.00e+000 1.00e+000f  1
  14 5.1535405e-002 0.00e+000 1.49e+000  -1.7 2.84e-001    -  1.00e+000 5.00e-001f  2
  15 1.9992778e-002 0.00e+000 4.64e-001  -1.7 1.09e-001    -  1.00e+000 1.00e+000f  1
  16 7.1692436e-003 0.00e+000 1.03e+000  -1.7 1.39e-001    -  1.00e+000 1.00e+000f  1
  17 1.0696137e-003 0.00e+000 9.09e-002  -1.7 5.50e-002    -  1.00e+000 1.00e+000f  1
  18 7.7768464e-005 0.00e+000 1.44e-001  -2.5 5.53e-002    -  1.00e+000 1.00e+000f  1
  19 2.8246695e-007 0.00e+000 1.50e-003  -2.5 7.31e-003    -  1.00e+000 1.00e+000f  1
iter    objective    inf_pr   inf_du lg(mu)  ||d||  lg(rg) alpha_du alpha_pr  ls
  20 8.5170750e-012 0.00e+000 4.90e-005  -5.7 1.05e-003    -  1.00e+000 1.00e+000f  1
  21 3.7439756e-021 0.00e+000 1.73e-010  -5.7 2.49e-006    -  1.00e+000 1.00e+000f  1

Number of Iterations....: 21

                                   (scaled)                 (unscaled)
Objective...............:  1.7365378678754519e-021   3.7439756431394744e-021
Dual infeasibility......:  1.7312156654298276e-010   3.7325009746667077e-010
Constraint violation....:  0.0000000000000000e+000   0.0000000000000000e+000
Complementarity.........:  0.0000000000000000e+000   0.0000000000000000e+000
Overall NLP error.......:  1.7312156654298276e-010   3.7325009746667077e-010


Number of objective function evaluations             = 45
Number of objective gradient evaluations             = 22
Number of equality constraint evaluations            = 0
Number of inequality constraint evaluations          = 0
Number of equality constraint Jacobian evaluations   = 0
Number of inequality constraint Jacobian evaluations = 0
Number of Lagrangian Hessian evaluations             = 21
Total CPU secs in IPOPT (w/o function evaluations)   =      0.003
Total CPU secs in NLP function evaluations           =      0.000

EXIT: Optimal Solution Found.
